<?xml version="1.0" encoding="UTF-8"?>
<testng-results ignored="0" total="1" passed="1" failed="0" skipped="0">
  <reporter-output>
  </reporter-output>
  <suite started-at="2023-01-10T12:12:10 IST" name="Default suite" finished-at="2023-01-10T12:12:34 IST" duration-ms="24271">
    <groups>
    </groups>
    <test started-at="2023-01-10T12:12:10 IST" name="Default test" finished-at="2023-01-10T12:12:34 IST" duration-ms="24271">
      <class name="com.finala.practice.newq">
        <test-method signature="setup()[pri:1, instance:com.finala.practice.newq@6fd83fc1]" started-at="2023-01-10T12:12:10 IST" name="setup" finished-at="2023-01-10T12:12:34 IST" duration-ms="24234" status="PASS">
          <reporter-output>
          </reporter-output>
        </test-method> <!-- setup -->
      </class> <!-- com.finala.practice.newq -->
    </test> <!-- Default test -->
  </suite> <!-- Default suite -->
</testng-results>
